[INFO]: Run Directory: /project/openlane/designs/dla_engine_top/runs/run_20260418_214424
[WARNING]: DIODE_INSERTION_STRATEGY is now deprecated; use GRT_REPAIR_ANTENNAS, DIODE_ON_PORTS and RUN_HEURISTIC_DIODE_INSERTION instead.
[INFO]: DIODE_INSERTION_STRATEGY set to 4. Setting RUN_HEURISTIC_DIODE_INSERTION to 1
[INFO]: DIODE_INSERTION_STRATEGY set to 4. Setting DIODE_ON_PORTS to in
[WARNING]: The variable name DESIGN_IS_CORE was renamed to FP_PDN_MULTILAYER. Update your configuration file.
[INFO]: Saving runtime environment...
[INFO]: Preparing LEF files for the nom corner...
[INFO]: Preparing LEF files for the min corner...
[INFO]: Preparing LEF files for the max corner...
[WARNING]: PNR_SDC_FILE is not set. It is recommended to write a custom SDC file for the design. Defaulting to BASE_SDC_FILE
[WARNING]: SIGNOFF_SDC_FILE is not set. It is recommended to write a custom SDC file for the design. Defaulting to BASE_SDC_FILE
[INFO]: Running linter (Verilator) (log: ../project/openlane/designs/dla_engine_top/runs/run_20260418_214424/logs/synthesis/linter.log)...
[INFO]: 0 errors found by linter
[WARNING]: 303 warnings found by linter
[INFO]: Running Synthesis (log: ../project/openlane/designs/dla_engine_top/runs/run_20260418_214424/logs/synthesis/1-synthesis.log)...
[ERROR]: during executing yosys script /nix/store/xpc7xd67rslanlqh566s6jph53bn830w-openlane1-1.1.1/bin/scripts/yosys/synth.tcl
[ERROR]: Log: ../project/openlane/designs/dla_engine_top/runs/run_20260418_214424/logs/synthesis/1-synthesis.log
[ERROR]: Last 10 lines:
    16/18: $0\mem[2][7:0]
    17/18: $0\mem[1][7:0]
    18/18: $0\mem[0][7:0]
Creating decoders for process `$paramod$fefa46cc4a8b9d9665b7f2e9c5ea083f65fa2e63\dla_pe.$proc$/project/openlane/designs/dla_engine_top/src/dla_pe.sv:22$162'.
     1/1: $0\acc_out[23:0]
Creating decoders for process `$paramod$75615e845bbc84a26f466298828c6107a73f986a\dla_pe_array.$proc$/project/openlane/designs/dla_engine_top/src/dla_pe_array.sv:0$213'.

19. Executing PROC_DLATCH pass (convert process syncs to latches).
ERROR: Latch inferred for signal `\dla_engine_top.\rd_i' from always_comb process `\dla_engine_top.$proc$/project/openlane/designs/dla_engine_top/src/dla_engine_top.sv:0$11'.
child process exited abnormally

[ERROR]: Creating issue reproducible...
[INFO]: Saving runtime environment...
[INFO]: Reproducible packaged: Please tarball and upload '../project/openlane/designs/dla_engine_top/runs/run_20260418_214424/issue_reproducible' if you're going to submit an issue.
[ERROR]: Step 1 (synthesis) failed with error:
-code 1 -level 0 -errorstack {INNER {invokeStk1 throw_error} CALL {run_tcl_script -tool yosys -no_consume /nix/store/xpc7xd67rslanlqh566s6jph53bn830w-openlane1-1.1.1/bin/scripts/yosys/synth.tcl -indexed_log /project/openlane/designs/dla_engine_top/runs/run_20260418_214424/logs/synthesis/1-synthesis.log} CALL {run_yosys_script /nix/store/xpc7xd67rslanlqh566s6jph53bn830w-openlane1-1.1.1/bin/scripts/yosys/synth.tcl -indexed_log /project/openlane/designs/dla_engine_top/runs/run_20260418_214424/logs/synthesis/1-synthesis.log} CALL {run_yosys -indexed_log /project/openlane/designs/dla_engine_top/runs/run_20260418_214424/logs/synthesis/1-synthesis.log} CALL run_synthesis CALL {run_non_interactive_mode -design /project/openlane/designs/dla_engine_top -tag run_20260418_214424 -overwrite}} -errorcode NONE -errorinfo {
    while executing
"throw_error"
    (procedure "run_tcl_script" line 219)
    invoked from within
"run_tcl_script -tool yosys -no_consume {*}$args"
    (procedure "run_yosys_script" line 2)
    invoked from within
"run_yosys_script $::env(SYNTH_SCRIPT) -indexed_log $arg_values(-indexed_log)"
    (procedure "run_yosys" line 40)
    invoked from within
"run_yosys -indexed_log $log"
    (procedure "run_synthesis" line 13)
    invoked from within
"run_synthesis"} -errorline 1
[INFO]: Saving current set of views in '../project/openlane/designs/dla_engine_top/runs/run_20260418_214424/results/final'...
[INFO]: Generating final set of reports...
[ERROR]: Failed to create manufacturability and metric reports:
[ERROR]: Traceback (most recent call last):
  File "/nix/store/xpc7xd67rslanlqh566s6jph53bn830w-openlane1-1.1.1/bin/scripts/generate_reports.py", line 184, in <module>
    cli()
  File "/nix/store/8ywrzlq8yyqrif2sfvbgg8vsxhj80ry7-python3-3.11.9-env/lib/python3.11/site-packages/click/core.py", line 1157, in __call__
    return self.main(*args, **kwargs)
           ^^^^^^^^^^^^^^^^^^^^^^^^^^
  File "/nix/store/8ywrzlq8yyqrif2sfvbgg8vsxhj80ry7-python3-3.11.9-env/lib/python3.11/site-packages/click/core.py", line 1078, in main
    rv = self.invoke(ctx)
         ^^^^^^^^^^^^^^^^
  File "/nix/store/8ywrzlq8yyqrif2sfvbgg8vsxhj80ry7-python3-3.11.9-env/lib/python3.11/site-packages/click/core.py", line 1434, in invoke
    return ctx.invoke(self.callback, **ctx.params)
           ^^^^^^^^^^^^^^^^^^^^^^^^^^^^^^^^^^^^^^^
  File "/nix/store/8ywrzlq8yyqrif2sfvbgg8vsxhj80ry7-python3-3.11.9-env/lib/python3.11/site-packages/click/core.py", line 783, in invoke
    return __callback(*args, **kwargs)
           ^^^^^^^^^^^^^^^^^^^^^^^^^^^
  File "/nix/store/xpc7xd67rslanlqh566s6jph53bn830w-openlane1-1.1.1/bin/scripts/generate_reports.py", line 51, in cli
    report = Report(design, tag, design_name, params, run_path).get_report()
             ^^^^^^^^^^^^^^^^^^^^^^^^^^^^^^^^^^^^^^^^^^^^^^^^^^^^^^^^^^^^^^^
  File "/nix/store/xpc7xd67rslanlqh566s6jph53bn830w-openlane1-1.1.1/bin/scripts/report/report.py", line 809, in get_report
    *self.extract_all_values(),
     ^^^^^^^^^^^^^^^^^^^^^^^^^
  File "/nix/store/xpc7xd67rslanlqh566s6jph53bn830w-openlane1-1.1.1/bin/scripts/report/report.py", line 359, in extract_all_values
    power_report = Artifact(
                   ^^^^^^^^^
  File "/nix/store/xpc7xd67rslanlqh566s6jph53bn830w-openlane1-1.1.1/bin/scripts/report/report.py", line 62, in __init__
    self.pathname = matches[0]
                    ~~~~~~~^^^
IndexError: list index out of range
[INFO]: Saving runtime environment...
[ERROR]: Flow failed.
[INFO]: The failure may have been because of the following warnings:
